[15:55:58] [INFO] Scripting Engine initialised
[15:55:58] [INFO] Game Engine Init::Loading Resources
[15:55:58] [INFO] Game Engine Init::GUI Initialisation
[15:55:58] [INFO] Game Engine adding Screen ...
[15:55:58] [INFO] In Game State initialisation
[15:56:01] [INFO] In Game State initialised
[15:56:01] [INFO] Game Engine Screen Added
[15:56:52] [INFO] Scripting Engine initialised
[15:56:52] [INFO] Game Engine Init::Loading Resources
[15:56:52] [INFO] Game Engine Init::GUI Initialisation
[15:56:52] [INFO] Game Engine adding Screen ...
[15:56:52] [INFO] In Game State initialisation
[15:56:54] [INFO] In Game State initialised
[15:56:54] [INFO] Game Engine Screen Added
[15:57:53] [INFO] Game Engine Cleaning Up
[15:58:52] [INFO] Scripting Engine initialised
[15:58:52] [INFO] Game Engine Init::Loading Resources
[15:58:52] [INFO] Game Engine Init::GUI Initialisation
[15:58:53] [INFO] Game Engine adding Screen ...
[15:58:53] [INFO] In Game State initialisation
[15:58:57] [INFO] In Game State initialised
[15:58:57] [INFO] Game Engine Screen Added
[16:10:14] [INFO] Scripting Engine initialised
[16:10:14] [INFO] Game Engine Init::Loading Resources
[16:10:14] [INFO] Game Engine Init::GUI Initialisation
[16:10:14] [INFO] Game Engine adding Screen ...
[16:10:14] [INFO] In Game State initialisation
[16:10:16] [INFO] In Game State initialised
[16:10:16] [INFO] Game Engine Screen Added
[16:11:00] [INFO] Game Engine Cleaning Up
